<?xml version="1.0" encoding="UTF-8"?>
<testng-results skipped="0" failed="0" total="1" passed="1">
  <reporter-output>
  </reporter-output>
  <suite name="Suite" duration-ms="3551" started-at="2018-02-02T11:59:29Z" finished-at="2018-02-02T11:59:32Z">
    <groups>
    </groups>
    <test name="Test" duration-ms="3551" started-at="2018-02-02T11:59:29Z" finished-at="2018-02-02T11:59:32Z">
      <class name="com.chiselon.classifieds.regression.TC01">
        <test-method status="PASS" signature="browser(java.lang.String)[pri:0, instance:com.chiselon.classifieds.regression.TC01@38203]" name="browser" is-config="true" duration-ms="3516" started-at="2018-02-02T17:29:29Z" finished-at="2018-02-02T17:29:32Z">
          <params>
            <param index="0">
              <value>
                <![CDATA[Internetexplorer]]>
              </value>
            </param>
          </params>
          <reporter-output>
          </reporter-output>
        </test-method> <!-- browser -->
        <test-method status="PASS" signature="URL()[pri:0, instance:com.chiselon.classifieds.regression.TC01@38203]" name="URL" duration-ms="20" started-at="2018-02-02T17:29:32Z" finished-at="2018-02-02T17:29:32Z">
          <reporter-output>
          </reporter-output>
        </test-method> <!-- URL -->
      </class> <!-- com.chiselon.classifieds.regression.TC01 -->
    </test> <!-- Test -->
  </suite> <!-- Suite -->
</testng-results>
